<?xml version="1.0" encoding="UTF-8"?>
<!-- Generated by org.testng.reporters.JUnitXMLReporter -->
<testsuite hostname="MBA0163.local" name="TmpTest" tests="1" failures="0" timestamp="25 Feb 2019 09:31:49 GMT" time="33.031" errors="0">
  <testcase name="@BeforeClass setUpClass" time="0.0" classname="runners.ChromeTestRunner2Parallel">
    <failure type="java.lang.NullPointerException">
      <![CDATA[java.lang.NullPointerException
	at vn.asiantech.core.DriverFactory.getDriverType(DriverFactory.java:86)
	at vn.asiantech.core.DriverFactory.startDriver(DriverFactory.java:161)
	at vn.asiantech.core.ParallelCucumberRunnerBase.setUpClass(CucumberRunnerBase.java:40)
	at vn.asiantech.core.ParallelCucumberRunnerBase.setUpClass(CucumberRunnerBase.java:38)
	at vn.asiantech.core.ParallelCucumberRunnerBase.setUpClass(CucumberRunnerBase.java:38)
	at vn.asiantech.core.ParallelCucumberRunnerBase.setUpClass(CucumberRunnerBase.java:38)
	at vn.asiantech.core.ParallelCucumberRunnerBase.setUpClass(CucumberRunnerBase.java:38)
	at vn.asiantech.core.ParallelCucumberRunnerBase.setUpClass(CucumberRunnerBase.java:38)
	at vn.asiantech.core.ParallelCucumberRunnerBase.setUpClass(CucumberRunnerBase.java:38)
	at vn.asiantech.core.ParallelCucumberRunnerBase.setUpClass(CucumberRunnerBase.java:38)
	at vn.asiantech.core.ParallelCucumberRunnerBase.setUpClass(CucumberRunnerBase.java:38)
	at vn.asiantech.core.ParallelCucumberRunnerBase.setUpClass(CucumberRunnerBase.java:38)
	at vn.asiantech.core.ParallelCucumberRunnerBase.setUpClass(CucumberRunnerBase.java:38)
	at vn.asiantech.core.ParallelCucumberRunnerBase.setUpClass(CucumberRunnerBase.java:38)
	at vn.asiantech.core.ParallelCucumberRunnerBase.setUpClass(CucumberRunnerBase.java:38)
	at vn.asiantech.core.ParallelCucumberRunnerBase.setUpClass(CucumberRunnerBase.java:38)
	at vn.asiantech.core.ParallelCucumberRunnerBase.setUpClass(CucumberRunnerBase.java:38)
	at vn.asiantech.core.ParallelCucumberRunnerBase.setUpClass(CucumberRunnerBase.java:38)
	at vn.asiantech.core.ParallelCucumberRunnerBase.setUpClass(CucumberRunnerBase.java:38)
	at vn.asiantech.core.ParallelCucumberRunnerBase.setUpClass(CucumberRunnerBase.java:38)
	at vn.asiantech.core.ParallelCucumberRunnerBase.setUpClass(CucumberRunnerBase.java:38)
	at vn.asiantech.core.ParallelCucumberRunnerBase.setUpClass(CucumberRunnerBase.java:38)
	at vn.asiantech.core.ParallelCucumberRunnerBase.setUpClass(CucumberRunnerBase.java:38)
	at vn.asiantech.core.ParallelCucumberRunnerBase.setUpClass(CucumberRunnerBase.java:38)
	at vn.asiantech.core.ParallelCucumberRunnerBase.setUpClass(CucumberRunnerBase.java:38)
	at vn.asiantech.core.ParallelCucumberRunnerBase.setUpClass(CucumberRunnerBase.java:38)
	at vn.asiantech.core.ParallelCucumberRunnerBase.setUpClass(CucumberRunnerBase.java:38)
	at vn.asiantech.core.ParallelCucumberRunnerBase.setUpClass(CucumberRunnerBase.java:38)
	at vn.asiantech.core.ParallelCucumberRunnerBase.setUpClass(CucumberRunnerBase.java:38)
	at vn.asiantech.core.ParallelCucumberRunnerBase.setUpClass(CucumberRunnerBase.java:38)
	at vn.asiantech.core.ParallelCucumberRunnerBase.setUpClass(CucumberRunnerBase.java:38)
	at vn.asiantech.core.ParallelCucumberRunnerBase.setUpClass(CucumberRunnerBase.java:38)
	at vn.asiantech.core.ParallelCucumberRunnerBase.setUpClass(CucumberRunnerBase.java:38)
	at vn.asiantech.core.ParallelCucumberRunnerBase.setUpClass(CucumberRunnerBase.java:38)
	at vn.asiantech.core.ParallelCucumberRunnerBase.setUpClass(CucumberRunnerBase.java:38)
	at vn.asiantech.core.ParallelCucumberRunnerBase.setUpClass(CucumberRunnerBase.java:38)
	at vn.asiantech.core.ParallelCucumberRunnerBase.setUpClass(CucumberRunnerBase.java:38)
	at vn.asiantech.core.ParallelCucumberRunnerBase.setUpClass(CucumberRunnerBase.java:38)
	at vn.asiantech.core.ParallelCucumberRunnerBase.setUpClass(CucumberRunnerBase.java:38)
	at vn.asiantech.core.ParallelCucumberRunnerBase.setUpClass(CucumberRunnerBase.java:38)
	at vn.asiantech.core.ParallelCucumberRunnerBase.setUpClass(CucumberRunnerBase.java:38)
	at vn.asiantech.core.ParallelCucumberRunnerBase.setUpClass(CucumberRunnerBase.java:38)
	at vn.asiantech.core.ParallelCucumberRunnerBase.setUpClass(CucumberRunnerBase.java:38)
	at vn.asiantech.core.ParallelCucumberRunnerBase.setUpClass(CucumberRunnerBase.java:38)
	at vn.asiantech.core.ParallelCucumberRunnerBase.setUpClass(CucumberRunnerBase.java:38)
	at java.util.concurrent.ThreadPoolExecutor.runWorker(ThreadPoolExecutor.java:1149)
	at java.util.concurrent.ThreadPoolExecutor$Worker.run(ThreadPoolExecutor.java:624)
	at java.lang.Thread.run(Thread.java:748)
... Removed 865 stack frames]]>
    </failure>
  </testcase> <!-- @BeforeClass setUpClass -->
  <testcase name="runScenario" time="0.0" classname="runners.ChromeTestRunner2Parallel">
    <skipped/>
  </testcase> <!-- runScenario -->
</testsuite> <!-- TmpTest -->
